<?xml version="1.0" encoding="UTF-8"?>
<testsuite name="com.bloomtech.welcomeletter.MasteryTask_4_FormLetterService" tests="1" skipped="0" failures="0" errors="0" timestamp="2022-11-19T01:16:29" hostname="DESKTOP-K1S8I4E" time="0.103">
  <properties/>
  <testcase name="generateFormLetter_returnsWelcomeLetter()" classname="com.bloomtech.welcomeletter.MasteryTask_4_FormLetterService" time="0.103"/>
  <system-out><![CDATA[]]></system-out>
  <system-err><![CDATA[]]></system-err>
</testsuite>
