<?xml version="1.0" encoding="UTF-8"?>
<testsuite name="com.bloomtech.welcomeletter.MasteryTask_1_BuilderPattern" tests="3" skipped="0" failures="0" errors="0" timestamp="2022-11-15T02:23:49" hostname="DESKTOP-K1S8I4E" time="0.105">
  <properties/>
  <testcase name="testBuilderCreatesInvalidEmployeeObject_returnsRuntimeException()" classname="com.bloomtech.welcomeletter.MasteryTask_1_BuilderPattern" time="0.056"/>
  <testcase name="testBuilderCreatesValidEmployeeObjects_allFields()" classname="com.bloomtech.welcomeletter.MasteryTask_1_BuilderPattern" time="0.039"/>
  <testcase name="testBuilderCreatesValidEmployeeObjects_onlyRequiredFields()" classname="com.bloomtech.welcomeletter.MasteryTask_1_BuilderPattern" time="0.004"/>
  <system-out><![CDATA[]]></system-out>
  <system-err><![CDATA[]]></system-err>
</testsuite>
